# JRE version: OpenJDK Runtime Environment JBR-11.0.13.7-1751.25-jcef (11.0.13+7) (build 11.0.13+7-b1751.25)
# Java VM: OpenJDK 64-Bit Server VM JBR-11.0.13.7-1751.25-jcef (11.0.13+7-b1751.25, mixed mode, tiered, compressed oops, g1 gc, bsd-amd64)
Heap:
 garbage-first heap   total 454656K, used 283327K [0x0000000700000000, 0x0000000800000000)
  region size 1024K, 184 young (188416K), 3 survivors (3072K)
 Metaspace       used 68773K, capacity 71271K, committed 71380K, reserved 1112064K
  class space    used 8565K, capacity 9468K, committed 9476K, reserved 1048576K
GC Heap History (20 events):
Event: 105.092 GC heap before
{Heap before GC invocations=21 (full 0):
 garbage-first heap   total 454656K, used 363128K [0x0000000700000000, 0x0000000800000000)
  region size 1024K, 266 young (272384K), 8 survivors (8192K)
 Metaspace       used 68270K, capacity 70750K, committed 70868K, reserved 1110016K
  class space    used 8500K, capacity 9401K, committed 9476K, reserved 1048576K
}
Event: 105.389 GC heap after
{Heap after GC invocations=22 (full 0):
 garbage-first heap   total 454656K, used 98801K [0x0000000700000000, 0x0000000800000000)
  region size 1024K, 7 young (7168K), 7 survivors (7168K)
 Metaspace       used 68270K, capacity 70750K, committed 70868K, reserved 1110016K
  class space    used 8500K, capacity 9401K, committed 9476K, reserved 1048576K
}
Event: 106.867 GC heap before
{Heap before GC invocations=22 (full 0):
 garbage-first heap   total 454656K, used 114161K [0x0000000700000000, 0x0000000800000000)
  region size 1024K, 22 young (22528K), 7 survivors (7168K)
 Metaspace       used 68270K, capacity 70750K, committed 70868K, reserved 1110016K
  class space    used 8500K, capacity 9401K, committed 9476K, reserved 1048576K
}
Event: 106.902 GC heap after
{Heap after GC invocations=23 (full 0):
 garbage-first heap   total 454656K, used 98592K [0x0000000700000000, 0x0000000800000000)
  region size 1024K, 2 young (2048K), 2 survivors (2048K)
 Metaspace       used 68270K, capacity 70750K, committed 70868K, reserved 1110016K
  class space    used 8500K, capacity 9401K, committed 9476K, reserved 1048576K
}
Event: 124.742 GC heap before
{Heap before GC invocations=23 (full 0):
 garbage-first heap   total 454656K, used 244000K [0x0000000700000000, 0x0000000800000000)
  region size 1024K, 144 young (147456K), 2 survivors (2048K)
 Metaspace       used 68270K, capacity 70750K, committed 70868K, reserved 1110016K
  class space    used 8500K, capacity 9401K, committed 9476K, reserved 1048576K
}
Event: 124.896 GC heap after
{Heap after GC invocations=24 (full 0):
 garbage-first heap   total 454656K, used 100162K [0x0000000700000000, 0x0000000800000000)
  region size 1024K, 4 young (4096K), 4 survivors (4096K)
 Metaspace       used 68270K, capacity 70750K, committed 70868K, reserved 1110016K
  class space    used 8500K, capacity 9401K, committed 9476K, reserved 1048576K
}
Event: 143.147 GC heap before
{Heap before GC invocations=24 (full 0):
 garbage-first heap   total 454656K, used 270146K [0x0000000700000000, 0x0000000800000000)
  region size 1024K, 170 young (174080K), 4 survivors (4096K)
 Metaspace       used 68270K, capacity 70750K, committed 70868K, reserved 1110016K
  class space    used 8500K, capacity 9401K, committed 9476K, reserved 1048576K
}
Event: 143.333 GC heap after
{Heap after GC invocations=25 (full 0):
 garbage-first heap   total 454656K, used 99481K [0x0000000700000000, 0x0000000800000000)
  region size 1024K, 3 young (3072K), 3 survivors (3072K)
 Metaspace       used 68270K, capacity 70750K, committed 70868K, reserved 1110016K
  class space    used 8500K, capacity 9401K, committed 9476K, reserved 1048576K
}
Event: 160.435 GC heap before
{Heap before GC invocations=25 (full 0):
 garbage-first heap   total 454656K, used 251033K [0x0000000700000000, 0x0000000800000000)
  region size 1024K, 151 young (154624K), 3 survivors (3072K)
 Metaspace       used 68270K, capacity 70750K, committed 70868K, reserved 1110016K
  class space    used 8500K, capacity 9401K, committed 9476K, reserved 1048576K
}
Event: 160.608 GC heap after
{Heap after GC invocations=26 (full 0):
 garbage-first heap   total 454656K, used 99573K [0x0000000700000000, 0x0000000800000000)
  region size 1024K, 3 young (3072K), 3 survivors (3072K)
 Metaspace       used 68270K, capacity 70750K, committed 70868K, reserved 1110016K
  class space    used 8500K, capacity 9401K, committed 9476K, reserved 1048576K
}
Event: 178.473 GC heap before
{Heap before GC invocations=26 (full 0):
 garbage-first heap   total 454656K, used 274677K [0x0000000700000000, 0x0000000800000000)
  region size 1024K, 174 young (178176K), 3 survivors (3072K)
 Metaspace       used 68270K, capacity 70750K, committed 70868K, reserved 1110016K
  class space    used 8500K, capacity 9401K, committed 9476K, reserved 1048576K
}
Event: 178.652 GC heap after
{Heap after GC invocations=27 (full 0):
 garbage-first heap   total 454656K, used 99943K [0x0000000700000000, 0x0000000800000000)
  region size 1024K, 3 young (3072K), 3 survivors (3072K)
 Metaspace       used 68270K, capacity 70750K, committed 70868K, reserved 1110016K
  class space    used 8500K, capacity 9401K, committed 9476K, reserved 1048576K
}
Event: 197.312 GC heap before
{Heap before GC invocations=27 (full 0):
 garbage-first heap   total 454656K, used 296551K [0x0000000700000000, 0x0000000800000000)
  region size 1024K, 195 young (199680K), 3 survivors (3072K)
 Metaspace       used 68270K, capacity 70750K, committed 70868K, reserved 1110016K
  class space    used 8500K, capacity 9401K, committed 9476K, reserved 1048576K
}
Event: 197.502 GC heap after
{Heap after GC invocations=28 (full 0):
 garbage-first heap   total 454656K, used 99050K [0x0000000700000000, 0x0000000800000000)
  region size 1024K, 3 young (3072K), 3 survivors (3072K)
 Metaspace       used 68270K, capacity 70750K, committed 70868K, reserved 1110016K
  class space    used 8500K, capacity 9401K, committed 9476K, reserved 1048576K
}
Event: 214.353 GC heap before
{Heap before GC invocations=28 (full 0):
 garbage-first heap   total 454656K, used 277226K [0x0000000700000000, 0x0000000800000000)
  region size 1024K, 177 young (181248K), 3 survivors (3072K)
 Metaspace       used 68304K, capacity 70814K, committed 71124K, reserved 1112064K
  class space    used 8500K, capacity 9401K, committed 9476K, reserved 1048576K
}
Event: 214.532 GC heap after
{Heap after GC invocations=29 (full 0):
 garbage-first heap   total 454656K, used 99335K [0x0000000700000000, 0x0000000800000000)
  region size 1024K, 3 young (3072K), 3 survivors (3072K)
 Metaspace       used 68304K, capacity 70814K, committed 71124K, reserved 1112064K
  class space    used 8500K, capacity 9401K, committed 9476K, reserved 1048576K
}
Event: 258.972 GC heap before
{Heap before GC invocations=29 (full 0):
 garbage-first heap   total 454656K, used 351239K [0x0000000700000000, 0x0000000800000000)
  region size 1024K, 249 young (254976K), 3 survivors (3072K)
 Metaspace       used 68653K, capacity 71175K, committed 71380K, reserved 1112064K
  class space    used 8543K, capacity 9436K, committed 9476K, reserved 1048576K
}
Event: 259.207 GC heap after
{Heap after GC invocations=30 (full 0):
 garbage-first heap   total 454656K, used 98514K [0x0000000700000000, 0x0000000800000000)
  region size 1024K, 2 young (2048K), 2 survivors (2048K)
 Metaspace       used 68653K, capacity 71175K, committed 71380K, reserved 1112064K
  class space    used 8543K, capacity 9436K, committed 9476K, reserved 1048576K
}
Event: 265.520 GC heap before
{Heap before GC invocations=30 (full 0):
 garbage-first heap   total 454656K, used 118994K [0x0000000700000000, 0x0000000800000000)
  region size 1024K, 22 young (22528K), 2 survivors (2048K)
 Metaspace       used 68653K, capacity 71175K, committed 71380K, reserved 1112064K
  class space    used 8543K, capacity 9436K, committed 9476K, reserved 1048576K
}
Event: 265.545 GC heap after
{Heap after GC invocations=31 (full 0):
 garbage-first heap   total 454656K, used 99007K [0x0000000700000000, 0x0000000800000000)
  region size 1024K, 3 young (3072K), 3 survivors (3072K)
 Metaspace       used 68653K, capacity 71175K, committed 71380K, reserved 1112064K
  class space    used 8543K, capacity 9436K, committed 9476K, reserved 1048576K
}

