# JRE version: OpenJDK Runtime Environment JBR-11.0.13.7-1751.25-jcef (11.0.13+7) (build 11.0.13+7-b1751.25)
# Java VM: OpenJDK 64-Bit Server VM JBR-11.0.13.7-1751.25-jcef (11.0.13+7-b1751.25, mixed mode, tiered, compressed oops, g1 gc, bsd-amd64)
Heap:
 garbage-first heap   total 315392K, used 41164K [0x0000000700000000, 0x0000000800000000)
  region size 1024K, 33 young (33792K), 17 survivors (17408K)
 Metaspace       used 71606K, capacity 73874K, committed 74452K, reserved 1114112K
  class space    used 8487K, capacity 9315K, committed 9344K, reserved 1048576K
GC Heap History (16 events):
Event: 0.843 GC heap before
{Heap before GC invocations=0 (full 0):
 garbage-first heap   total 262144K, used 24576K [0x0000000700000000, 0x0000000800000000)
  region size 1024K, 24 young (24576K), 0 survivors (0K)
 Metaspace       used 11156K, capacity 11381K, committed 11520K, reserved 1058816K
  class space    used 1131K, capacity 1224K, committed 1280K, reserved 1048576K
}
Event: 0.848 GC heap after
{Heap after GC invocations=1 (full 0):
 garbage-first heap   total 262144K, used 7131K [0x0000000700000000, 0x0000000800000000)
  region size 1024K, 3 young (3072K), 3 survivors (3072K)
 Metaspace       used 11156K, capacity 11381K, committed 11520K, reserved 1058816K
  class space    used 1131K, capacity 1224K, committed 1280K, reserved 1048576K
}
Event: 1.570 GC heap before
{Heap before GC invocations=1 (full 0):
 garbage-first heap   total 262144K, used 54235K [0x0000000700000000, 0x0000000800000000)
  region size 1024K, 50 young (51200K), 3 survivors (3072K)
 Metaspace       used 20565K, capacity 21141K, committed 21248K, reserved 1069056K
  class space    used 2339K, capacity 2553K, committed 2560K, reserved 1048576K
}
Event: 1.579 GC heap after
{Heap after GC invocations=2 (full 0):
 garbage-first heap   total 262144K, used 9041K [0x0000000700000000, 0x0000000800000000)
  region size 1024K, 5 young (5120K), 5 survivors (5120K)
 Metaspace       used 20565K, capacity 21141K, committed 21248K, reserved 1069056K
  class space    used 2339K, capacity 2553K, committed 2560K, reserved 1048576K
}
Event: 1.756 GC heap before
{Heap before GC invocations=3 (full 0):
 garbage-first heap   total 262144K, used 55121K [0x0000000700000000, 0x0000000800000000)
  region size 1024K, 51 young (52224K), 5 survivors (5120K)
 Metaspace       used 21558K, capacity 22193K, committed 22524K, reserved 1069056K
  class space    used 2473K, capacity 2710K, committed 2816K, reserved 1048576K
}
Event: 1.762 GC heap after
{Heap after GC invocations=4 (full 0):
 garbage-first heap   total 262144K, used 9972K [0x0000000700000000, 0x0000000800000000)
  region size 1024K, 3 young (3072K), 3 survivors (3072K)
 Metaspace       used 21558K, capacity 22193K, committed 22524K, reserved 1069056K
  class space    used 2473K, capacity 2710K, committed 2816K, reserved 1048576K
}
Event: 3.128 GC heap before
{Heap before GC invocations=4 (full 0):
 garbage-first heap   total 262144K, used 81652K [0x0000000700000000, 0x0000000800000000)
  region size 1024K, 73 young (74752K), 3 survivors (3072K)
 Metaspace       used 28891K, capacity 29912K, committed 30076K, reserved 1075200K
  class space    used 3530K, capacity 3929K, committed 3968K, reserved 1048576K
}
Event: 3.136 GC heap after
{Heap after GC invocations=5 (full 0):
 garbage-first heap   total 262144K, used 13653K [0x0000000700000000, 0x0000000800000000)
  region size 1024K, 7 young (7168K), 7 survivors (7168K)
 Metaspace       used 28891K, capacity 29912K, committed 30076K, reserved 1075200K
  class space    used 3530K, capacity 3929K, committed 3968K, reserved 1048576K
}
Event: 3.761 GC heap before
{Heap before GC invocations=5 (full 0):
 garbage-first heap   total 262144K, used 115029K [0x0000000700000000, 0x0000000800000000)
  region size 1024K, 107 young (109568K), 7 survivors (7168K)
 Metaspace       used 34222K, capacity 35343K, committed 35580K, reserved 1081344K
  class space    used 4094K, capacity 4567K, committed 4608K, reserved 1048576K
}
Event: 3.772 GC heap after
{Heap after GC invocations=6 (full 0):
 garbage-first heap   total 315392K, used 16405K [0x0000000700000000, 0x0000000800000000)
  region size 1024K, 10 young (10240K), 10 survivors (10240K)
 Metaspace       used 34222K, capacity 35343K, committed 35580K, reserved 1081344K
  class space    used 4094K, capacity 4567K, committed 4608K, reserved 1048576K
}
Event: 3.894 GC heap before
{Heap before GC invocations=6 (full 0):
 garbage-first heap   total 315392K, used 35861K [0x0000000700000000, 0x0000000800000000)
  region size 1024K, 31 young (31744K), 10 survivors (10240K)
 Metaspace       used 34628K, capacity 35759K, committed 36048K, reserved 1081344K
  class space    used 4156K, capacity 4599K, committed 4608K, reserved 1048576K
}
Event: 3.913 GC heap after
{Heap after GC invocations=7 (full 0):
 garbage-first heap   total 315392K, used 16463K [0x0000000700000000, 0x0000000800000000)
  region size 1024K, 10 young (10240K), 10 survivors (10240K)
 Metaspace       used 34628K, capacity 35759K, committed 36048K, reserved 1081344K
  class space    used 4156K, capacity 4599K, committed 4608K, reserved 1048576K
}
Event: 5.897 GC heap before
{Heap before GC invocations=8 (full 0):
 garbage-first heap   total 315392K, used 193615K [0x0000000700000000, 0x0000000800000000)
  region size 1024K, 184 young (188416K), 10 survivors (10240K)
 Metaspace       used 42908K, capacity 44678K, committed 45008K, reserved 1089536K
  class space    used 5227K, capacity 5824K, committed 5888K, reserved 1048576K
}
Event: 5.915 GC heap after
{Heap after GC invocations=9 (full 0):
 garbage-first heap   total 315392K, used 20182K [0x0000000700000000, 0x0000000800000000)
  region size 1024K, 13 young (13312K), 13 survivors (13312K)
 Metaspace       used 42908K, capacity 44678K, committed 45008K, reserved 1089536K
  class space    used 5227K, capacity 5824K, committed 5888K, reserved 1048576K
}
Event: 7.833 GC heap before
{Heap before GC invocations=9 (full 0):
 garbage-first heap   total 315392K, used 127702K [0x0000000700000000, 0x0000000800000000)
  region size 1024K, 119 young (121856K), 13 survivors (13312K)
 Metaspace       used 58133K, capacity 60196K, committed 60296K, reserved 1101824K
  class space    used 7453K, capacity 8192K, committed 8192K, reserved 1048576K
}
Event: 7.860 GC heap after
{Heap after GC invocations=10 (full 0):
 garbage-first heap   total 315392K, used 25804K [0x0000000700000000, 0x0000000800000000)
  region size 1024K, 17 young (17408K), 17 survivors (17408K)
 Metaspace       used 58133K, capacity 60196K, committed 60296K, reserved 1101824K
  class space    used 7453K, capacity 8192K, committed 8192K, reserved 1048576K
}

