# JRE version: OpenJDK Runtime Environment JBR-11.0.13.7-1751.25-jcef (11.0.13+7) (build 11.0.13+7-b1751.25)
# Java VM: OpenJDK 64-Bit Server VM JBR-11.0.13.7-1751.25-jcef (11.0.13+7-b1751.25, mixed mode, tiered, compressed oops, g1 gc, bsd-amd64)
Heap:
 garbage-first heap   total 378880K, used 286622K [0x0000000700000000, 0x0000000800000000)
  region size 1024K, 200 young (204800K), 14 survivors (14336K)
 Metaspace       used 68838K, capacity 71257K, committed 71560K, reserved 1112064K
  class space    used 8494K, capacity 9352K, committed 9472K, reserved 1048576K
GC Heap History (20 events):
Event: 123.243 GC heap before
{Heap before GC invocations=18 (full 0):
 garbage-first heap   total 378880K, used 301555K [0x0000000700000000, 0x0000000800000000)
  region size 1024K, 222 young (227328K), 12 survivors (12288K)
 Metaspace       used 68549K, capacity 70963K, committed 71176K, reserved 1112064K
  class space    used 8450K, capacity 9318K, committed 9344K, reserved 1048576K
}
Event: 123.254 GC heap after
{Heap after GC invocations=19 (full 0):
 garbage-first heap   total 378880K, used 87890K [0x0000000700000000, 0x0000000800000000)
  region size 1024K, 13 young (13312K), 13 survivors (13312K)
 Metaspace       used 68549K, capacity 70963K, committed 71176K, reserved 1112064K
  class space    used 8450K, capacity 9318K, committed 9344K, reserved 1048576K
}
Event: 145.996 GC heap before
{Heap before GC invocations=19 (full 0):
 garbage-first heap   total 378880K, used 301906K [0x0000000700000000, 0x0000000800000000)
  region size 1024K, 222 young (227328K), 13 survivors (13312K)
 Metaspace       used 68552K, capacity 70963K, committed 71176K, reserved 1112064K
  class space    used 8452K, capacity 9318K, committed 9344K, reserved 1048576K
}
Event: 146.008 GC heap after
{Heap after GC invocations=20 (full 0):
 garbage-first heap   total 378880K, used 86656K [0x0000000700000000, 0x0000000800000000)
  region size 1024K, 12 young (12288K), 12 survivors (12288K)
 Metaspace       used 68552K, capacity 70963K, committed 71176K, reserved 1112064K
  class space    used 8452K, capacity 9318K, committed 9344K, reserved 1048576K
}
Event: 175.108 GC heap before
{Heap before GC invocations=20 (full 0):
 garbage-first heap   total 378880K, used 301696K [0x0000000700000000, 0x0000000800000000)
  region size 1024K, 222 young (227328K), 12 survivors (12288K)
 Metaspace       used 68552K, capacity 70963K, committed 71176K, reserved 1112064K
  class space    used 8452K, capacity 9318K, committed 9344K, reserved 1048576K
}
Event: 175.125 GC heap after
{Heap after GC invocations=21 (full 0):
 garbage-first heap   total 378880K, used 88878K [0x0000000700000000, 0x0000000800000000)
  region size 1024K, 14 young (14336K), 14 survivors (14336K)
 Metaspace       used 68552K, capacity 70963K, committed 71176K, reserved 1112064K
  class space    used 8452K, capacity 9318K, committed 9344K, reserved 1048576K
}
Event: 213.500 GC heap before
{Heap before GC invocations=21 (full 0):
 garbage-first heap   total 378880K, used 301870K [0x0000000700000000, 0x0000000800000000)
  region size 1024K, 222 young (227328K), 14 survivors (14336K)
 Metaspace       used 68715K, capacity 71123K, committed 71560K, reserved 1112064K
  class space    used 8481K, capacity 9350K, committed 9472K, reserved 1048576K
}
Event: 213.520 GC heap after
{Heap after GC invocations=22 (full 0):
 garbage-first heap   total 378880K, used 92811K [0x0000000700000000, 0x0000000800000000)
  region size 1024K, 18 young (18432K), 18 survivors (18432K)
 Metaspace       used 68715K, capacity 71123K, committed 71560K, reserved 1112064K
  class space    used 8481K, capacity 9350K, committed 9472K, reserved 1048576K
}
Event: 249.983 GC heap before
{Heap before GC invocations=22 (full 0):
 garbage-first heap   total 378880K, used 301707K [0x0000000700000000, 0x0000000800000000)
  region size 1024K, 222 young (227328K), 18 survivors (18432K)
 Metaspace       used 68838K, capacity 71257K, committed 71560K, reserved 1112064K
  class space    used 8494K, capacity 9352K, committed 9472K, reserved 1048576K
}
Event: 250.011 GC heap after
{Heap after GC invocations=23 (full 0):
 garbage-first heap   total 378880K, used 96995K [0x0000000700000000, 0x0000000800000000)
  region size 1024K, 14 young (14336K), 14 survivors (14336K)
 Metaspace       used 68838K, capacity 71257K, committed 71560K, reserved 1112064K
  class space    used 8494K, capacity 9352K, committed 9472K, reserved 1048576K
}
Event: 284.011 GC heap before
{Heap before GC invocations=23 (full 0):
 garbage-first heap   total 378880K, used 309987K [0x0000000700000000, 0x0000000800000000)
  region size 1024K, 222 young (227328K), 14 survivors (14336K)
 Metaspace       used 68838K, capacity 71257K, committed 71560K, reserved 1112064K
  class space    used 8494K, capacity 9352K, committed 9472K, reserved 1048576K
}
Event: 284.036 GC heap after
{Heap after GC invocations=24 (full 0):
 garbage-first heap   total 378880K, used 96179K [0x0000000700000000, 0x0000000800000000)
  region size 1024K, 13 young (13312K), 13 survivors (13312K)
 Metaspace       used 68838K, capacity 71257K, committed 71560K, reserved 1112064K
  class space    used 8494K, capacity 9352K, committed 9472K, reserved 1048576K
}
Event: 319.795 GC heap before
{Heap before GC invocations=24 (full 0):
 garbage-first heap   total 378880K, used 310195K [0x0000000700000000, 0x0000000800000000)
  region size 1024K, 222 young (227328K), 13 survivors (13312K)
 Metaspace       used 68838K, capacity 71257K, committed 71560K, reserved 1112064K
  class space    used 8494K, capacity 9352K, committed 9472K, reserved 1048576K
}
Event: 319.815 GC heap after
{Heap after GC invocations=25 (full 0):
 garbage-first heap   total 378880K, used 96141K [0x0000000700000000, 0x0000000800000000)
  region size 1024K, 13 young (13312K), 13 survivors (13312K)
 Metaspace       used 68838K, capacity 71257K, committed 71560K, reserved 1112064K
  class space    used 8494K, capacity 9352K, committed 9472K, reserved 1048576K
}
Event: 352.873 GC heap before
{Heap before GC invocations=25 (full 0):
 garbage-first heap   total 378880K, used 310157K [0x0000000700000000, 0x0000000800000000)
  region size 1024K, 222 young (227328K), 13 survivors (13312K)
 Metaspace       used 68838K, capacity 71257K, committed 71560K, reserved 1112064K
  class space    used 8494K, capacity 9352K, committed 9472K, reserved 1048576K
}
Event: 352.889 GC heap after
{Heap after GC invocations=26 (full 0):
 garbage-first heap   total 378880K, used 96603K [0x0000000700000000, 0x0000000800000000)
  region size 1024K, 13 young (13312K), 13 survivors (13312K)
 Metaspace       used 68838K, capacity 71257K, committed 71560K, reserved 1112064K
  class space    used 8494K, capacity 9352K, committed 9472K, reserved 1048576K
}
Event: 382.182 GC heap before
{Heap before GC invocations=26 (full 0):
 garbage-first heap   total 378880K, used 310619K [0x0000000700000000, 0x0000000800000000)
  region size 1024K, 222 young (227328K), 13 survivors (13312K)
 Metaspace       used 68838K, capacity 71257K, committed 71560K, reserved 1112064K
  class space    used 8494K, capacity 9352K, committed 9472K, reserved 1048576K
}
Event: 382.200 GC heap after
{Heap after GC invocations=27 (full 0):
 garbage-first heap   total 378880K, used 97165K [0x0000000700000000, 0x0000000800000000)
  region size 1024K, 14 young (14336K), 14 survivors (14336K)
 Metaspace       used 68838K, capacity 71257K, committed 71560K, reserved 1112064K
  class space    used 8494K, capacity 9352K, committed 9472K, reserved 1048576K
}
Event: 418.359 GC heap before
{Heap before GC invocations=27 (full 0):
 garbage-first heap   total 378880K, used 310157K [0x0000000700000000, 0x0000000800000000)
  region size 1024K, 222 young (227328K), 14 survivors (14336K)
 Metaspace       used 68838K, capacity 71257K, committed 71560K, reserved 1112064K
  class space    used 8494K, capacity 9352K, committed 9472K, reserved 1048576K
}
Event: 418.380 GC heap after
{Heap after GC invocations=28 (full 0):
 garbage-first heap   total 378880K, used 97182K [0x0000000700000000, 0x0000000800000000)
  region size 1024K, 14 young (14336K), 14 survivors (14336K)
 Metaspace       used 68838K, capacity 71257K, committed 71560K, reserved 1112064K
  class space    used 8494K, capacity 9352K, committed 9472K, reserved 1048576K
}

